[2024-10-21 01:27:57] Incoming request: GET /api/assign_question?region_name=New%20York&user_id=4 from ::1
[2024-10-21 01:27:58] Response: GET /api/assign_question?region_name=New%20York&user_id=4 - Status: 304 - Duration: 709ms
[2024-10-21 01:28:00] Incoming request: GET /api/assign_question?region_name=Singapore&user_id=123&cycle=42 from ::1
[2024-10-21 01:28:00] Response: GET /api/assign_question?region_name=Singapore&user_id=123&cycle=42 - Status: 304 - Duration: 116ms
[2024-10-21 01:28:08] Incoming request: GET /api/assign_question?region_name=Singapore&user_id=123&cycle=43 from ::1
[2024-10-21 01:28:09] Response: GET /api/assign_question?region_name=Singapore&user_id=123&cycle=43 - Status: 200 - Duration: 1231ms
[2024-10-21 01:28:13] Incoming request: GET /api/assign_question?region_name=Singapore&user_id=123&cycle=44 from ::1
[2024-10-21 01:28:13] Response: GET /api/assign_question?region_name=Singapore&user_id=123&cycle=44 - Status: 200 - Duration: 359ms
[2024-10-21 01:28:16] Incoming request: GET /api/logs from ::1
[2024-10-21 01:28:16] Response: GET /api/logs - Status: 200 - Duration: 57ms
[2024-10-21 01:28:32] Incoming request: GET /api/assign_question?region_name=Singapore&user_id=123&cycle=44 from ::1
[2024-10-21 01:28:32] Response: GET /api/assign_question?region_name=Singapore&user_id=123&cycle=44 - Status: 304 - Duration: 120ms
[2024-10-21 01:28:34] Incoming request: GET /api/logs from ::1
[2024-10-21 01:28:34] Response: GET /api/logs - Status: 200 - Duration: 5ms
[2024-10-21 01:28:48] Incoming request: GET /api/assign_question?region_name=Singapore&user_id=123&cycle=42 from ::1
[2024-10-21 01:28:48] Response: GET /api/assign_question?region_name=Singapore&user_id=123&cycle=42 - Status: 304 - Duration: 115ms
[2024-10-21 01:28:51] Incoming request: GET /api/logs from ::1
[2024-10-21 01:28:51] Response: GET /api/logs - Status: 200 - Duration: 20ms
[2024-10-21 13:45:13] Incoming request: GET /api/logs from ::1
[2024-10-21 13:45:13] Response: GET /api/logs - Status: 200 - Duration: 25ms
[2024-10-22 22:34:21] Incoming request: GET /api/questions/daily from ::1
[2024-10-22 22:34:24] Response: GET /api/questions/daily - Status: 500 - Duration: 2613ms
[2024-10-22 22:42:18] Incoming request: GET /api/questions/daily from ::1
[2024-10-22 22:42:21] Response: GET /api/questions/daily - Status: 200 - Duration: 3161ms
[2024-10-22 22:42:27] Incoming request: GET /api/questions/daily from ::1
[2024-10-22 22:42:27] Response: GET /api/questions/daily - Status: 200 - Duration: 470ms
[2024-10-22 22:42:29] Incoming request: GET /api/questions/daily from ::1
[2024-10-22 22:42:29] Response: GET /api/questions/daily - Status: 200 - Duration: 293ms
[2024-10-22 22:42:30] Incoming request: GET /api/questions/daily from ::1
[2024-10-22 22:42:30] Response: GET /api/questions/daily - Status: 304 - Duration: 303ms
[2024-10-22 22:43:07] Incoming request: GET /api/questions/daily from ::1
[2024-10-22 22:43:09] Response: GET /api/questions/daily - Status: 200 - Duration: 2437ms
[2024-10-22 22:46:20] Incoming request: GET /api/questions/daily?gender=female&region=Singapore from ::1
[2024-10-22 22:46:23] Response: GET /api/questions/daily?gender=female&region=Singapore - Status: 200 - Duration: 2700ms
[2024-10-22 22:46:27] Incoming request: GET /api/questions/daily?gender=female&region=Singapore from ::1
[2024-10-22 22:46:27] Response: GET /api/questions/daily?gender=female&region=Singapore - Status: 200 - Duration: 523ms
[2024-10-22 22:46:29] Incoming request: GET /api/questions/daily?gender=female&region=Singapore from ::1
[2024-10-22 22:46:29] Response: GET /api/questions/daily?gender=female&region=Singapore - Status: 200 - Duration: 301ms
[2024-10-22 22:46:30] Incoming request: GET /api/questions/daily?gender=female&region=Singapore from ::1
[2024-10-22 22:46:30] Response: GET /api/questions/daily?gender=female&region=Singapore - Status: 200 - Duration: 309ms
[2024-10-22 22:46:31] Incoming request: GET /api/questions/daily?gender=female&region=Singapore from ::1
[2024-10-22 22:46:32] Response: GET /api/questions/daily?gender=female&region=Singapore - Status: 200 - Duration: 637ms
[2024-10-22 22:46:40] Incoming request: GET /api/questions/daily?gender=male&region=New%20York from ::1
[2024-10-22 22:46:41] Response: GET /api/questions/daily?gender=male&region=New%20York - Status: 200 - Duration: 774ms
[2024-10-22 22:50:08] Incoming request: GET /api/questions/daily?gender=female&region=Singapore from ::1
[2024-10-22 22:50:13] Response: GET /api/questions/daily?gender=female&region=Singapore - Status: 200 - Duration: 4645ms
[2024-10-22 22:51:16] Incoming request: GET /api/questions/daily?gender=male&region=Singapore from ::1
[2024-10-22 22:51:18] Response: GET /api/questions/daily?gender=male&region=Singapore - Status: 200 - Duration: 2456ms
[2024-10-22 22:55:00] Incoming request: POST /api/answers from ::1
[2024-10-22 22:55:03] Response: POST /api/answers - Status: 500 - Duration: 2327ms
[2024-10-22 22:57:56] Incoming request: POST /api/answers from ::1
[2024-10-22 22:57:59] Response: POST /api/answers - Status: 200 - Duration: 2454ms
[2024-10-22 22:59:27] Incoming request: GET /api/profiles/women?answer=Yes from ::1
[2024-10-22 22:59:30] Response: GET /api/profiles/women?answer=Yes - Status: 200 - Duration: 2585ms
[2024-10-22 23:00:23] Incoming request: GET /api/profiles/men?userId=m1 from ::1
[2024-10-22 23:00:26] Response: GET /api/profiles/men?userId=m1 - Status: 500 - Duration: 2492ms
[2024-10-22 23:04:31] Incoming request: GET /api/profiles/men?userId=m1 from ::1
[2024-10-22 23:04:34] Response: GET /api/profiles/men?userId=m1 - Status: 200 - Duration: 3028ms
[2024-10-22 23:10:17] Incoming request: GET /api/profiles?gender=female&answer=Yes&profileTypes=A,B from ::1
[2024-10-22 23:10:20] Response: GET /api/profiles?gender=female&answer=Yes&profileTypes=A,B - Status: 500 - Duration: 2423ms
[2024-10-22 23:20:48] Incoming request: GET /api/profiles?gender=female&answer=Yes&profileTypes=A,B from ::1
[2024-10-22 23:20:52] Response: GET /api/profiles?gender=female&answer=Yes&profileTypes=A,B - Status: 200 - Duration: 3075ms
[2024-10-22 23:21:17] Incoming request: GET /api/profiles?gender=female&userId=w1&profileTypes=A,B from ::1
[2024-10-22 23:21:20] Response: GET /api/profiles?gender=female&userId=w1&profileTypes=A,B - Status: 200 - Duration: 2719ms
[2024-10-22 23:22:26] Incoming request: GET /api/profiles?gender=male&userId=m1&profileTypes= from ::1
[2024-10-22 23:22:30] Response: GET /api/profiles?gender=male&userId=m1&profileTypes= - Status: 200 - Duration: 3645ms
[2024-10-22 23:23:03] Incoming request: GET /api/profiles?gender=male&userId=m1&profileTypes= from ::1
[2024-10-22 23:23:05] Response: GET /api/profiles?gender=male&userId=m1&profileTypes= - Status: 200 - Duration: 2318ms
[2024-10-22 23:23:08] Incoming request: GET /api/profiles?gender=female&userId=w1&profileTypes=A,B from ::1
[2024-10-22 23:23:08] Response: GET /api/profiles?gender=female&userId=w1&profileTypes=A,B - Status: 200 - Duration: 586ms
[2024-10-22 23:23:15] Incoming request: GET /api/profiles?gender=female&userId=m1&profileTypes=A,B from ::1
[2024-10-22 23:23:16] Response: GET /api/profiles?gender=female&userId=m1&profileTypes=A,B - Status: 200 - Duration: 790ms
[2024-10-22 23:23:23] Incoming request: GET /api/profiles?gender=male&userId=w1&profileTypes= from ::1
[2024-10-22 23:23:23] Response: GET /api/profiles?gender=male&userId=w1&profileTypes= - Status: 200 - Duration: 305ms
[2024-10-22 23:25:00] Incoming request: GET /api/profiles?gender=female&userId=w9&profileTypes=A,B from ::1
[2024-10-22 23:25:03] Response: GET /api/profiles?gender=female&userId=w9&profileTypes=A,B - Status: 200 - Duration: 2649ms
[2024-10-22 23:25:28] Incoming request: GET /api/profiles?gender=female&userId=w9&profileTypes=A,B from ::1
[2024-10-22 23:25:31] Response: GET /api/profiles?gender=female&userId=w9&profileTypes=A,B - Status: 200 - Duration: 2926ms
[2024-10-22 23:25:35] Incoming request: GET /api/profiles?gender=female&userId=w1&profileTypes=A,B from ::1
[2024-10-22 23:25:36] Response: GET /api/profiles?gender=female&userId=w1&profileTypes=A,B - Status: 200 - Duration: 606ms
[2024-10-22 23:36:38] Incoming request: GET /api/profiles?gender=female&userId=w101&profileTypes=C,F from ::1
[2024-10-22 23:36:41] Response: GET /api/profiles?gender=female&userId=w101&profileTypes=C,F - Status: 200 - Duration: 2867ms
[2024-10-22 23:36:55] Incoming request: GET /api/profiles?gender=male&userId=m101&profileTypes= from ::1
[2024-10-22 23:36:57] Response: GET /api/profiles?gender=male&userId=m101&profileTypes= - Status: 200 - Duration: 2103ms
[2024-10-22 23:38:39] Incoming request: POST /api/videos/watched from ::1
[2024-10-22 23:38:42] Response: POST /api/videos/watched - Status: 200 - Duration: 2441ms
[2024-10-22 23:39:47] Incoming request: GET /api/videos/check?userId=w101&profileId=m101 from ::1
[2024-10-22 23:39:49] Response: GET /api/videos/check?userId=w101&profileId=m101 - Status: 200 - Duration: 2449ms
[2024-10-22 23:40:21] Incoming request: GET /api/answers?userId=m101 from ::1
[2024-10-22 23:40:21] Response: GET /api/answers?userId=m101 - Status: 404 - Duration: 20ms
[2024-10-22 23:40:32] Incoming request: GET /api/answers?userId=m101 from ::1
[2024-10-22 23:40:32] Response: GET /api/answers?userId=m101 - Status: 404 - Duration: 5ms
[2024-10-22 23:43:17] Incoming request: GET /api/answers?userId=m101 from ::1
[2024-10-22 23:43:20] Response: GET /api/answers?userId=m101 - Status: 200 - Duration: 2631ms
[2024-10-22 23:43:27] Incoming request: GET /api/answers?userId=m3 from ::1
[2024-10-22 23:43:27] Response: GET /api/answers?userId=m3 - Status: 200 - Duration: 511ms
[2024-10-22 23:43:32] Incoming request: GET /api/answers?userId=m101 from ::1
[2024-10-22 23:43:33] Response: GET /api/answers?userId=m101 - Status: 200 - Duration: 496ms
[2024-10-22 23:44:14] Incoming request: GET /api/profiles?gender=female&userId=w104&profileTypes=F from ::1
[2024-10-22 23:44:16] Response: GET /api/profiles?gender=female&userId=w104&profileTypes=F - Status: 200 - Duration: 2386ms
[2024-10-22 23:44:20] Incoming request: GET /api/profiles?gender=female&userId=w103&profileTypes=C from ::1
[2024-10-22 23:44:20] Response: GET /api/profiles?gender=female&userId=w103&profileTypes=C - Status: 200 - Duration: 503ms
[2024-10-23 00:28:12] Incoming request: GET /api/answers?userId=m101 from ::1
[2024-10-23 00:28:15] Response: GET /api/answers?userId=m101 - Status: 200 - Duration: 2490ms
[2024-10-23 00:48:58] Incoming request: GET /api/logs from ::1
[2024-10-23 00:48:58] Response: GET /api/logs - Status: 200 - Duration: 138ms
[2024-10-23 00:49:39] Incoming request: GET /api/logs from ::1
[2024-10-23 00:49:39] Response: GET /api/logs - Status: 200 - Duration: 15ms
[2024-10-23 00:49:55] Incoming request: GET /api/assign_question?region_name=Singapore&user_id=123&cycle=42 from ::1
[2024-10-23 00:49:57] Response: GET /api/assign_question?region_name=Singapore&user_id=123&cycle=42 - Status: 200 - Duration: 1790ms
[2024-10-23 00:50:23] Incoming request: GET /api/assign_question?region_name=Singapore&user_id=123&cycle=42 from ::1
[2024-10-23 00:50:24] Response: GET /api/assign_question?region_name=Singapore&user_id=123&cycle=42 - Status: 200 - Duration: 325ms
[2024-10-23 00:50:31] Incoming request: GET /api/assign_question?region_name=Singapore&user_id=123&cycle=47 from ::1
[2024-10-23 00:50:31] Response: GET /api/assign_question?region_name=Singapore&user_id=123&cycle=47 - Status: 200 - Duration: 335ms
[2024-10-23 00:50:38] Incoming request: GET /api/assign_question?region_name=Singapore&user_id=123 from ::1
[2024-10-23 00:50:39] Response: GET /api/assign_question?region_name=Singapore&user_id=123 - Status: 200 - Duration: 320ms
[2024-10-23 00:50:44] Incoming request: GET /api/assign_question?region_name=Singapore&user_id=123&cycle=47 from ::1
[2024-10-23 00:50:44] Response: GET /api/assign_question?region_name=Singapore&user_id=123&cycle=47 - Status: 200 - Duration: 333ms
[2024-10-23 00:52:24] Incoming request: GET /api/logs from ::1
[2024-10-23 00:52:24] Response: GET /api/logs - Status: 200 - Duration: 19ms
[2024-10-23 00:53:12] Incoming request: GET /api/assign_question?region_name=Singapore&user_id=123&cycle=47 from ::1
[2024-10-23 00:53:14] Response: GET /api/assign_question?region_name=Singapore&user_id=123&cycle=47 - Status: 200 - Duration: 1456ms
[2024-10-23 01:05:17] Incoming request: GET /api/logs from ::1
[2024-10-23 01:05:17] Response: GET /api/logs - Status: 200 - Duration: 7ms
[2024-10-23 01:05:34] Incoming request: GET /api/questions/cycle?region=New%20York&gender=female&cycleType=day from ::1
[2024-10-23 01:05:38] Response: GET /api/questions/cycle?region=New%20York&gender=female&cycleType=day - Status: 404 - Duration: 3821ms
[2024-10-23 01:07:48] Incoming request: GET /api/questions/cycle?region=New%20York&gender=female&cycleType=week from ::1
[2024-10-23 01:07:51] Response: GET /api/questions/cycle?region=New%20York&gender=female&cycleType=week - Status: 404 - Duration: 2805ms
[2024-10-23 01:08:00] Incoming request: GET /api/questions/cycle?region=Singapore&gender=female&cycleType=week from ::1
[2024-10-23 01:08:01] Response: GET /api/questions/cycle?region=Singapore&gender=female&cycleType=week - Status: 404 - Duration: 644ms
[2024-10-23 01:08:10] Incoming request: GET /api/questions/cycle?region=Singapore&gender=female&cycleType=week&cycle=42 from ::1
[2024-10-23 01:08:11] Response: GET /api/questions/cycle?region=Singapore&gender=female&cycleType=week&cycle=42 - Status: 404 - Duration: 801ms
[2024-10-23 01:08:35] Incoming request: GET /api/questions/cycle?region=Singapore&gender=female&cycleType=week&cycle=2024-10-20 from ::1
[2024-10-23 01:08:38] Response: GET /api/questions/cycle?region=Singapore&gender=female&cycleType=week&cycle=2024-10-20 - Status: 404 - Duration: 2713ms
[2024-10-23 01:08:43] Incoming request: GET /api/questions/cycle?region=Singapore&gender=female&cycleType=week&cycle=2024-10-19 from ::1
[2024-10-23 01:08:44] Response: GET /api/questions/cycle?region=Singapore&gender=female&cycleType=week&cycle=2024-10-19 - Status: 404 - Duration: 587ms
[2024-10-23 01:09:41] Incoming request: GET /api/questions/cycle?region=New%20York&gender=female&cycle=2024-02-10&cycleType=week from ::1
[2024-10-23 01:09:44] Response: GET /api/questions/cycle?region=New%20York&gender=female&cycle=2024-02-10&cycleType=week - Status: 404 - Duration: 3064ms
[2024-10-23 01:09:57] Incoming request: GET /api/questions/cycle?region=New%20York&gender=male&cycle=2024-02-10&cycleType=week from ::1
[2024-10-23 01:10:00] Response: GET /api/questions/cycle?region=New%20York&gender=male&cycle=2024-02-10&cycleType=week - Status: 404 - Duration: 2309ms
[2024-10-23 01:10:05] Incoming request: GET /api/questions/cycle?region=New%20York&gender=male&cycle=2024-02-10&cycleType=day from ::1
[2024-10-23 01:10:05] Response: GET /api/questions/cycle?region=New%20York&gender=male&cycle=2024-02-10&cycleType=day - Status: 404 - Duration: 592ms
[2024-10-23 01:14:22] Incoming request: GET /api/questions/cycle?region=New%20York&gender=male&cycle=2024-02-10&cycleType=day from ::1
[2024-10-23 01:14:25] Response: GET /api/questions/cycle?region=New%20York&gender=male&cycle=2024-02-10&cycleType=day - Status: 404 - Duration: 3417ms
[2024-10-23 01:14:36] Incoming request: GET /api/questions/cycle?region=New%20York&gender=male&cycle=2024-02-11&cycleType=day from ::1
[2024-10-23 01:14:39] Response: GET /api/questions/cycle?region=New%20York&gender=male&cycle=2024-02-11&cycleType=day - Status: 200 - Duration: 3352ms
[2024-10-23 01:14:48] Incoming request: GET /api/questions/cycle?region=New%20York&gender=female&cycle=2024-02-11&cycleType=day from ::1
[2024-10-23 01:14:48] Response: GET /api/questions/cycle?region=New%20York&gender=female&cycle=2024-02-11&cycleType=day - Status: 200 - Duration: 318ms
[2024-10-23 01:15:13] Incoming request: GET /api/questions/cycle?region=Singapore&gender=female&cycleType=week&cycle=2024-10-19 from ::1
[2024-10-23 01:15:16] Response: GET /api/questions/cycle?region=Singapore&gender=female&cycleType=week&cycle=2024-10-19 - Status: 200 - Duration: 3109ms
[2024-10-23 01:24:40] Incoming request: POST /api/answers from ::1
[2024-10-23 01:24:40] Response: POST /api/answers - Status: 404 - Duration: 20ms
[2024-10-23 01:26:16] Incoming request: POST /api/answers from ::1
[2024-10-23 01:26:18] Response: POST /api/answers - Status: 500 - Duration: 2379ms
[2024-10-23 01:27:20] Incoming request: GET /api/answers?userId=m101 from ::1
[2024-10-23 01:27:23] Response: GET /api/answers?userId=m101 - Status: 200 - Duration: 3284ms
[2024-10-23 01:27:40] Incoming request: POST /api/answers from ::1
[2024-10-23 01:27:42] Response: POST /api/answers - Status: 201 - Duration: 2448ms
[2024-10-23 01:27:46] Incoming request: GET /api/answers?userId=m101 from ::1
[2024-10-23 01:27:47] Response: GET /api/answers?userId=m101 - Status: 200 - Duration: 311ms
[2024-10-23 01:29:47] Incoming request: GET /api/answers?userId=12345 from ::1
[2024-10-23 01:29:50] Response: GET /api/answers?userId=12345 - Status: 404 - Duration: 2832ms
[2024-10-23 01:30:21] Incoming request: POST /api/answers from ::1
[2024-10-23 01:30:25] Response: POST /api/answers - Status: 404 - Duration: 3900ms
[2024-10-23 01:30:42] Incoming request: POST /api/answers from ::1
[2024-10-23 01:30:45] Response: POST /api/answers - Status: 201 - Duration: 2852ms
[2024-10-23 01:31:01] Incoming request: GET /api/answers?userId=m101 from ::1
[2024-10-23 01:31:05] Response: GET /api/answers?userId=m101 - Status: 200 - Duration: 4086ms
[2024-10-23 01:31:21] Incoming request: GET /api/profiles?gender=male&userId=m101&profileTypes= from ::1
[2024-10-23 01:31:24] Response: GET /api/profiles?gender=male&userId=m101&profileTypes= - Status: 200 - Duration: 2269ms
[2024-10-23 01:31:34] Incoming request: GET /api/profiles?gender=female&userId=m101&profileTypes= from ::1
[2024-10-23 01:31:36] Response: GET /api/profiles?gender=female&userId=m101&profileTypes= - Status: 200 - Duration: 2084ms
[2024-10-23 01:31:47] Incoming request: GET /api/profiles?gender=female&userId=m101&profileTypes=A,F from ::1
[2024-10-23 01:31:49] Response: GET /api/profiles?gender=female&userId=m101&profileTypes=A,F - Status: 200 - Duration: 2549ms
[2024-10-23 01:32:28] Incoming request: GET /api/profiles?gender=Male&userId=m101&profileTypes= from ::1
[2024-10-23 01:32:30] Response: GET /api/profiles?gender=Male&userId=m101&profileTypes= - Status: 200 - Duration: 2126ms
[2024-10-23 01:32:37] Incoming request: GET /api/profiles?gender=male&userId=m101&profileTypes= from ::1
[2024-10-23 01:32:38] Response: GET /api/profiles?gender=male&userId=m101&profileTypes= - Status: 200 - Duration: 462ms
[2024-10-23 01:35:17] Incoming request: GET /api/profiles?gender=male&userId=m101&profileTypes= from ::1
[2024-10-23 01:35:17] Response: GET /api/profiles?gender=male&userId=m101&profileTypes= - Status: 400 - Duration: 19ms
[2024-10-23 01:35:40] Incoming request: GET /api/profiles?gender=male&userId=m101 from ::1
[2024-10-23 01:35:43] Response: GET /api/profiles?gender=male&userId=m101 - Status: 200 - Duration: 3109ms
[2024-10-23 01:37:07] Incoming request: GET /api/profiles?gender=female&userId=w101&profileTypes=C,F from ::1
[2024-10-23 01:37:10] Response: GET /api/profiles?gender=female&userId=w101&profileTypes=C,F - Status: 200 - Duration: 2793ms
[2024-10-23 01:37:21] Incoming request: GET /api/profiles?gender=male&userId=w101 from ::1
[2024-10-23 01:37:23] Response: GET /api/profiles?gender=male&userId=w101 - Status: 200 - Duration: 2533ms
[2024-10-23 01:37:36] Incoming request: GET /api/profiles?gender=female&userId=m101&profileTypes=C,F from ::1
[2024-10-23 01:37:40] Response: GET /api/profiles?gender=female&userId=m101&profileTypes=C,F - Status: 200 - Duration: 3360ms
[2024-10-23 01:39:23] Incoming request: GET /api/profiles?gender=male&userId=w101 from ::1
[2024-10-23 01:39:26] Response: GET /api/profiles?gender=male&userId=w101 - Status: 200 - Duration: 3179ms
[2024-10-23 01:39:47] Incoming request: GET /api/profiles?gender=male&userId=w101 from ::1
[2024-10-23 01:39:49] Response: GET /api/profiles?gender=male&userId=w101 - Status: 200 - Duration: 2508ms
[2024-10-23 01:40:21] Incoming request: GET /api/profiles?gender=female&userId=m101&profileTypes=C,F from ::1
[2024-10-23 01:40:25] Response: GET /api/profiles?gender=female&userId=m101&profileTypes=C,F - Status: 200 - Duration: 3393ms
[2024-10-23 01:42:18] Incoming request: GET /api/profiles?gender=male&userId=m101 from ::1
[2024-10-23 01:42:21] Response: GET /api/profiles?gender=male&userId=m101 - Status: 200 - Duration: 2745ms
[2024-10-23 01:42:54] Incoming request: GET /api/profiles?gender=female&userId=w101&profileTypes=C,B from ::1
[2024-10-23 01:42:57] Response: GET /api/profiles?gender=female&userId=w101&profileTypes=C,B - Status: 200 - Duration: 2502ms
[2024-10-23 02:18:10] Incoming request: GET /api/logs from ::1
[2024-10-23 02:18:10] Response: GET /api/logs - Status: 200 - Duration: 13ms
[2024-10-23 02:18:19] Incoming request: GET /api/logs from ::1
[2024-10-23 02:18:19] Response: GET /api/logs - Status: 200 - Duration: 4ms
[2024-10-23 02:18:27] Incoming request: GET /api/logs&n=5 from ::1
[2024-10-23 02:18:27] Response: GET /api/logs&n=5 - Status: 404 - Duration: 7ms
[2024-10-23 02:18:45] Incoming request: GET /api/logs from ::1
[2024-10-23 02:18:45] Response: GET /api/logs - Status: 200 - Duration: 3ms
[2024-10-23 02:22:44] Incoming request: GET /api/logs from ::1
[2024-10-23 02:22:44] Response: GET /api/logs - Status: 200 - Duration: 21ms
[2024-10-23 02:22:54] Incoming request: GET /api/logs?n=5 from ::1
[2024-10-23 02:22:54] Response: GET /api/logs?n=5 - Status: 200 - Duration: 7ms
[2024-10-23 02:24:21] Incoming request: POST /api/videos/watched from ::1
[2024-10-23 02:24:23] Response: POST /api/videos/watched - Status: 404 - Duration: 2429ms
[2024-10-23 02:24:31] Incoming request: POST /api/videos/watched from ::1
[2024-10-23 02:24:32] Response: POST /api/videos/watched - Status: 201 - Duration: 860ms
[2024-10-23 02:38:33] Incoming request: POST /api/videos/watched from ::1
[2024-10-23 02:38:36] Response: POST /api/videos/watched - Status: 201 - Duration: 3136ms
[2024-10-23 02:38:40] Incoming request: GET /api/questions/cycle?region=New%20York&gender=female&cycleType=day from ::1
[2024-10-23 02:38:42] Response: GET /api/questions/cycle?region=New%20York&gender=female&cycleType=day - Status: 404 - Duration: 1715ms
[2024-10-23 02:42:34] Incoming request: POST /api/answers from ::1
[2024-10-23 02:42:37] Response: POST /api/answers - Status: 201 - Duration: 2586ms
[2024-10-23 02:42:44] Incoming request: GET /api/logs?n=5 from ::1
[2024-10-23 02:42:44] Response: GET /api/logs?n=5 - Status: 200 - Duration: 8ms
[2024-10-23 02:42:49] Incoming request: GET /api/profiles?gender=male&userId=w101 from ::1
[2024-10-23 02:42:51] Response: GET /api/profiles?gender=male&userId=w101 - Status: 200 - Duration: 1968ms
[2024-10-23 03:24:59] Incoming request: GET /api/logs?n=5 from ::1
[2024-10-23 03:24:59] Response: GET /api/logs?n=5 - Status: 200 - Duration: 73ms
[2024-10-23 03:25:46] Incoming request: POST /api/answers from ::1
[2024-10-23 03:25:47] Response: POST /api/answers - Status: 500 - Duration: 792ms
[2024-10-23 03:27:03] Incoming request: POST /api/answers from ::1
[2024-10-23 03:27:06] Response: POST /api/answers - Status: 201 - Duration: 2904ms
[2024-10-23 03:27:26] Incoming request: GET /api/profiles?gender=male&userId=w101 from ::1
[2024-10-23 03:27:32] Response: GET /api/profiles?gender=male&userId=w101 - Status: 200 - Duration: 5203ms
[2024-10-23 03:27:56] Incoming request: GET /api/profiles?gender=female&userId=m101&profileTypes=C,F from ::1
[2024-10-23 03:28:01] Response: GET /api/profiles?gender=female&userId=m101&profileTypes=C,F - Status: 500 - Duration: 5105ms
[2024-10-23 03:28:20] Incoming request: GET /api/profiles?gender=female&userId=m101&profileTypes=C,F from ::1
[2024-10-23 03:28:24] Response: GET /api/profiles?gender=female&userId=m101&profileTypes=C,F - Status: 500 - Duration: 3291ms
[2024-10-23 03:32:06] Incoming request: GET /api/profiles?gender=female&userId=m101&profileTypes=C,F from ::1
[2024-10-23 03:32:11] Response: GET /api/profiles?gender=female&userId=m101&profileTypes=C,F - Status: 500 - Duration: 4951ms
[2024-10-23 03:33:53] Incoming request: GET /api/profiles?gender=female&userId=m101&profileTypes=C,F from ::1
[2024-10-23 03:33:56] Response: GET /api/profiles?gender=female&userId=m101&profileTypes=C,F - Status: 500 - Duration: 3738ms
[2024-10-23 03:34:29] Incoming request: GET /api/profiles?gender=female&userId=m101&profileTypes=C,F from ::1
[2024-10-23 03:34:33] Response: GET /api/profiles?gender=female&userId=m101&profileTypes=C,F - Status: 500 - Duration: 3561ms
[2024-10-23 03:35:30] Incoming request: GET /api/profiles?gender=female&userId=m101&profileTypes=C,F from ::1
[2024-10-23 03:35:34] Response: GET /api/profiles?gender=female&userId=m101&profileTypes=C,F - Status: 500 - Duration: 3336ms
[2024-10-23 03:36:21] Incoming request: GET /api/profiles?gender=female&userId=m101&profileTypes=C,F from ::1
[2024-10-23 03:36:25] Response: GET /api/profiles?gender=female&userId=m101&profileTypes=C,F - Status: 500 - Duration: 3944ms
[2024-10-23 03:37:28] Incoming request: GET /api/profiles?gender=male&userId=m101 from ::1
[2024-10-23 03:37:31] Response: GET /api/profiles?gender=male&userId=m101 - Status: 200 - Duration: 3201ms
[2024-10-23 03:37:41] Incoming request: GET /api/profiles?gender=male&userId=w101 from ::1
[2024-10-23 03:37:44] Response: GET /api/profiles?gender=male&userId=w101 - Status: 200 - Duration: 2804ms
[2024-10-23 03:39:46] Incoming request: GET /api/profiles?gender=female&userId=m101&profileTypes=C,F from ::1
[2024-10-23 03:39:48] 🚀 ~ fetchProfilesByGender ~ profileTypes:
      SELECT id, user_id, name, age, gender, profile_type, video_url
      FROM profiles
      WHERE gender = $1 AND user_id != $2
     AND profile_type = ANY($3::text[])
[2024-10-23 03:39:51] Response: GET /api/profiles?gender=female&userId=m101&profileTypes=C,F - Status: 500 - Duration: 4324ms
[2024-10-23 03:45:31] Incoming request: GET /api/profiles?gender=female&userId=m101&profileTypes=C,F from ::1
[2024-10-23 03:45:35] Response: GET /api/profiles?gender=female&userId=m101&profileTypes=C,F - Status: 500 - Duration: 4243ms
[2024-10-23 03:46:03] Incoming request: GET /api/profiles?gender=female&userId=m102&profileTypes=C,F from ::1
[2024-10-23 03:46:06] Response: GET /api/profiles?gender=female&userId=m102&profileTypes=C,F - Status: 500 - Duration: 2635ms
[2024-10-23 03:46:46] Incoming request: GET /api/profiles?gender=female&userId=m102&profileTypes=C,B from ::1
[2024-10-23 03:46:50] Response: GET /api/profiles?gender=female&userId=m102&profileTypes=C,B - Status: 500 - Duration: 3810ms
[2024-10-23 03:47:31] Incoming request: GET /api/profiles?gender=female&userId=m102&profileTypes=C,B from ::1
[2024-10-23 03:47:36] Response: GET /api/profiles?gender=female&userId=m102&profileTypes=C,B - Status: 500 - Duration: 5132ms
[2024-10-23 03:48:55] Incoming request: GET /api/profiles?gender=female&userId=m102&profileTypes=C,B from ::1
[2024-10-23 03:48:59] Response: GET /api/profiles?gender=female&userId=m102&profileTypes=C,B - Status: 500 - Duration: 3707ms
[2024-10-23 03:49:40] Incoming request: GET /api/profiles?gender=female&userId=m102&profileTypes=C,B from ::1
[2024-10-23 03:49:43] Response: GET /api/profiles?gender=female&userId=m102&profileTypes=C,B - Status: 500 - Duration: 3763ms
[2024-10-23 03:51:51] Incoming request: GET /api/profiles?gender=female&userId=m102&profileTypes=C,B from ::1
[2024-10-23 03:51:55] Response: GET /api/profiles?gender=female&userId=m102&profileTypes=C,B - Status: 500 - Duration: 3707ms
[2024-10-23 03:52:47] Incoming request: GET /api/profiles?gender=female&userId=m102&profileTypes=C,B from ::1
[2024-10-23 03:52:49] Response: GET /api/profiles?gender=female&userId=m102&profileTypes=C,B - Status: 404 - Duration: 1327ms
[2024-10-23 03:53:49] Incoming request: GET /api/profiles?gender=female&userId=m102&profileTypes=C,B from ::1
[2024-10-23 03:53:52] Response: GET /api/profiles?gender=female&userId=m102&profileTypes=C,B - Status: 500 - Duration: 3623ms
[2024-10-23 03:56:16] Incoming request: GET /api/profiles?gender=female&userId=m102&profileTypes=C,B from ::1
[2024-10-23 03:56:21] Response: GET /api/profiles?gender=female&userId=m102&profileTypes=C,B - Status: 200 - Duration: 4672ms
[2024-10-23 03:56:38] Incoming request: GET /api/profiles?gender=female&userId=w101&profileTypes=C,B from ::1
[2024-10-23 03:56:41] Response: GET /api/profiles?gender=female&userId=w101&profileTypes=C,B - Status: 200 - Duration: 2946ms
[2024-10-23 03:56:47] Incoming request: POST /api/videos/watched from ::1
[2024-10-23 03:56:48] Response: POST /api/videos/watched - Status: 201 - Duration: 990ms
[2024-10-23 03:57:07] Incoming request: GET /api/questions/cycle?region=New%20York&gender=female&cycleType=day from ::1
[2024-10-23 03:57:08] Response: GET /api/questions/cycle?region=New%20York&gender=female&cycleType=day - Status: 200 - Duration: 363ms
[2024-10-23 03:57:20] Incoming request: GET /api/questions/cycle?region=Singapore&gender=female&cycleType=week&cycle=2024-10-19 from ::1
[2024-10-23 03:57:21] Response: GET /api/questions/cycle?region=Singapore&gender=female&cycleType=week&cycle=2024-10-19 - Status: 200 - Duration: 329ms
[2024-10-23 03:57:29] Incoming request: GET /api/questions/cycle?region=New%20York&gender=female&cycle=2024-02-11&cycleType=day from ::1
[2024-10-23 03:57:29] Response: GET /api/questions/cycle?region=New%20York&gender=female&cycle=2024-02-11&cycleType=day - Status: 200 - Duration: 331ms
[2024-10-23 04:10:48] Incoming request: GET /api/logs?n=5 from ::1
[2024-10-23 04:10:48] Response: GET /api/logs?n=5 - Status: 200 - Duration: 91ms
[2024-10-23 04:11:12] Incoming request: POST /api/answers from ::1
[2024-10-23 04:11:15] Response: POST /api/answers - Status: 201 - Duration: 2655ms
[2024-10-23 04:11:41] Incoming request: GET /api/answers?userId=m101 from ::1
[2024-10-23 04:11:44] Response: GET /api/answers?userId=m101 - Status: 200 - Duration: 3187ms
[2024-10-23 04:11:50] Incoming request: GET /api/profiles?gender=male&userId=w101 from ::1
[2024-10-23 04:11:52] Response: GET /api/profiles?gender=male&userId=w101 - Status: 200 - Duration: 1186ms
[2024-10-23 04:12:06] Incoming request: GET /api/profiles?gender=male&userId=m101 from ::1
[2024-10-23 04:12:09] Response: GET /api/profiles?gender=male&userId=m101 - Status: 200 - Duration: 3245ms
[2024-10-23 04:12:19] Incoming request: GET /api/profiles?gender=female&userId=m102&profileTypes=C,B from ::1
[2024-10-23 04:12:21] Response: GET /api/profiles?gender=female&userId=m102&profileTypes=C,B - Status: 200 - Duration: 2873ms
[2024-10-23 04:12:31] Incoming request: GET /api/profiles?gender=female&userId=w101&profileTypes=C,B from ::1
[2024-10-23 04:12:35] Response: GET /api/profiles?gender=female&userId=w101&profileTypes=C,B - Status: 200 - Duration: 3323ms
[2024-10-23 04:12:40] Incoming request: POST /api/videos/watched from ::1
[2024-10-23 04:12:42] Response: POST /api/videos/watched - Status: 201 - Duration: 1317ms
[2024-10-23 04:13:33] Incoming request: GET /api/videos/check?userId=w101&profileId=m101 from ::1
[2024-10-23 04:13:35] Response: GET /api/videos/check?userId=w101&profileId=m101 - Status: 200 - Duration: 2215ms
[2024-10-23 04:13:39] Incoming request: GET /api/videos/check?userId=w101&profileId=m101 from ::1
[2024-10-23 04:13:40] Response: GET /api/videos/check?userId=w101&profileId=m101 - Status: 200 - Duration: 481ms
[2024-10-23 04:13:41] Incoming request: GET /api/videos/check?userId=w101&profileId=m101 from ::1
[2024-10-23 04:13:41] Response: GET /api/videos/check?userId=w101&profileId=m101 - Status: 200 - Duration: 479ms
[2024-10-23 04:14:06] Incoming request: GET /api/questions/cycle?region=New%20York&gender=female&cycleType=day from ::1
[2024-10-23 04:14:06] Response: GET /api/questions/cycle?region=New%20York&gender=female&cycleType=day - Status: 200 - Duration: 332ms
[2024-10-23 04:14:15] Incoming request: GET /api/questions/cycle?region=Singapore&gender=female&cycleType=week&cycle=2024-10-19 from ::1
[2024-10-23 04:14:16] Response: GET /api/questions/cycle?region=Singapore&gender=female&cycleType=week&cycle=2024-10-19 - Status: 200 - Duration: 327ms
[2024-10-23 04:14:21] Incoming request: GET /api/questions/cycle?region=New%20York&gender=female&cycle=2024-02-11&cycleType=day from ::1
[2024-10-23 04:14:21] Response: GET /api/questions/cycle?region=New%20York&gender=female&cycle=2024-02-11&cycleType=day - Status: 200 - Duration: 328ms
